<?xml version="1.0" encoding="UTF-8"?>
<!-- Generated by org.testng.reporters.JUnitReportReporter -->
<testsuite hostname="TS-N-LP006" name="apiQA.qaAPI.RestServices" tests="1" failures="0" timestamp="22 Jun 2019 09:09:58 GMT" time="3.383" errors="0">
  <testcase name="get_UserID" time="3.383" classname="apiQA.qaAPI.RestServices"/>
</testsuite> <!-- apiQA.qaAPI.RestServices -->
