<?xml version="1.0" encoding="UTF-8"?>
<!-- Generated by org.testng.reporters.JUnitReportReporter -->
<testsuite hostname="TS-N-LP006" name="apiQA.qaAPI.CheckTNG" tests="1" failures="0" timestamp="21 Jun 2019 09:13:13 GMT" time="0.010" errors="0">
  <testcase name="getName" time="0.010" classname="apiQA.qaAPI.CheckTNG"/>
</testsuite> <!-- apiQA.qaAPI.CheckTNG -->
